
[DEBUG][20-11-25][org.apache.ibatis.logging.LogFactory]Logging initialized using 'class org.apache.ibatis.logging.log4j.Log4jImpl' adapter.
[DEBUG][20-11-25][org.apache.ibatis.logging.LogFactory]Logging initialized using 'class org.apache.ibatis.logging.log4j.Log4jImpl' adapter.
[DEBUG][20-11-25][org.apache.ibatis.datasource.pooled.PooledDataSource]PooledDataSource forcefully closed/removed all connections.
[DEBUG][20-11-25][org.apache.ibatis.datasource.pooled.PooledDataSource]PooledDataSource forcefully closed/removed all connections.
[DEBUG][20-11-25][org.apache.ibatis.datasource.pooled.PooledDataSource]PooledDataSource forcefully closed/removed all connections.
[DEBUG][20-11-25][org.apache.ibatis.datasource.pooled.PooledDataSource]PooledDataSource forcefully closed/removed all connections.
[INFO][20-11-25][com.yzp.log.LogTest]测试,进入test方法
[DEBUG][20-11-25][org.apache.ibatis.transaction.jdbc.JdbcTransaction]Opening JDBC Connection
[DEBUG][20-11-25][org.apache.ibatis.datasource.pooled.PooledDataSource]Created connection 854487022.
[DEBUG][20-11-25][org.apache.ibatis.transaction.jdbc.JdbcTransaction]Setting autocommit to false on JDBC Connection [com.mysql.cj.jdbc.ConnectionImpl@32ee6fee]
[DEBUG][20-11-25][com.yzp.mapper.UserMapper.getUserById]==>  Preparing: select * from mybatis.user where id=?;
[DEBUG][20-11-25][com.yzp.mapper.UserMapper.getUserById]==> Parameters: 2(Integer)
[DEBUG][20-11-25][com.yzp.mapper.UserMapper.getUserById]<==      Total: 1
[DEBUG][20-11-25][org.apache.ibatis.transaction.jdbc.JdbcTransaction]Resetting autocommit to true on JDBC Connection [com.mysql.cj.jdbc.ConnectionImpl@32ee6fee]
[DEBUG][20-11-25][org.apache.ibatis.transaction.jdbc.JdbcTransaction]Closing JDBC Connection [com.mysql.cj.jdbc.ConnectionImpl@32ee6fee]
[DEBUG][20-11-25][org.apache.ibatis.datasource.pooled.PooledDataSource]Returned connection 854487022 to pool.
[DEBUG][20-11-25][org.apache.ibatis.logging.LogFactory]Logging initialized using 'class org.apache.ibatis.logging.log4j.Log4jImpl' adapter.
[DEBUG][20-11-25][org.apache.ibatis.logging.LogFactory]Logging initialized using 'class org.apache.ibatis.logging.log4j.Log4jImpl' adapter.
[DEBUG][20-11-25][org.apache.ibatis.datasource.pooled.PooledDataSource]PooledDataSource forcefully closed/removed all connections.
[DEBUG][20-11-25][org.apache.ibatis.datasource.pooled.PooledDataSource]PooledDataSource forcefully closed/removed all connections.
[DEBUG][20-11-25][org.apache.ibatis.datasource.pooled.PooledDataSource]PooledDataSource forcefully closed/removed all connections.
[DEBUG][20-11-25][org.apache.ibatis.datasource.pooled.PooledDataSource]PooledDataSource forcefully closed/removed all connections.
[DEBUG][20-11-25][org.apache.ibatis.transaction.jdbc.JdbcTransaction]Opening JDBC Connection
[DEBUG][20-11-25][org.apache.ibatis.datasource.pooled.PooledDataSource]Created connection 1292838001.
[DEBUG][20-11-25][org.apache.ibatis.transaction.jdbc.JdbcTransaction]Setting autocommit to false on JDBC Connection [com.mysql.cj.jdbc.ConnectionImpl@4d0f2471]
[DEBUG][20-11-25][com.yzp.mapper.UserMapper.getUserByLimit]==>  Preparing: select * from mybatis.user limit ?,?
[DEBUG][20-11-25][com.yzp.mapper.UserMapper.getUserByLimit]==> Parameters: 0(Integer), 2(Integer)
[DEBUG][20-11-25][com.yzp.mapper.UserMapper.getUserByLimit]<==      Total: 2
[DEBUG][20-11-25][org.apache.ibatis.logging.LogFactory]Logging initialized using 'class org.apache.ibatis.logging.log4j.Log4jImpl' adapter.
[DEBUG][20-11-25][org.apache.ibatis.logging.LogFactory]Logging initialized using 'class org.apache.ibatis.logging.log4j.Log4jImpl' adapter.
[DEBUG][20-11-25][org.apache.ibatis.datasource.pooled.PooledDataSource]PooledDataSource forcefully closed/removed all connections.
[DEBUG][20-11-25][org.apache.ibatis.datasource.pooled.PooledDataSource]PooledDataSource forcefully closed/removed all connections.
[DEBUG][20-11-25][org.apache.ibatis.datasource.pooled.PooledDataSource]PooledDataSource forcefully closed/removed all connections.
[DEBUG][20-11-25][org.apache.ibatis.datasource.pooled.PooledDataSource]PooledDataSource forcefully closed/removed all connections.
[DEBUG][20-11-25][org.apache.ibatis.transaction.jdbc.JdbcTransaction]Opening JDBC Connection
[DEBUG][20-11-25][org.apache.ibatis.datasource.pooled.PooledDataSource]Created connection 1992550266.
[DEBUG][20-11-25][org.apache.ibatis.transaction.jdbc.JdbcTransaction]Setting autocommit to false on JDBC Connection [com.mysql.cj.jdbc.ConnectionImpl@76c3e77a]
[DEBUG][20-11-25][com.yzp.mapper.UserMapper.getUserByRowBounds]==>  Preparing: select * from mybatis.user
[DEBUG][20-11-25][com.yzp.mapper.UserMapper.getUserByRowBounds]==> Parameters: 
[DEBUG][20-11-25][org.apache.ibatis.transaction.jdbc.JdbcTransaction]Resetting autocommit to true on JDBC Connection [com.mysql.cj.jdbc.ConnectionImpl@76c3e77a]
[DEBUG][20-11-25][org.apache.ibatis.transaction.jdbc.JdbcTransaction]Closing JDBC Connection [com.mysql.cj.jdbc.ConnectionImpl@76c3e77a]
[DEBUG][20-11-25][org.apache.ibatis.datasource.pooled.PooledDataSource]Returned connection 1992550266 to pool.
